<?xml version="1.0" encoding="UTF-8"?>
<testsuites>
  <testsuite name="" tests="3" assertions="3" errors="0" failures="0" skipped="0" time="0.060914">
    <testsuite name="CodeIgniter Application Test Suite" tests="3" assertions="3" errors="0" failures="0" skipped="0" time="0.060914">
      <testsuite name="Welcome_test" file="C:\xampp\htdocs\klephone\application\tests\controllers\Welcome_test.php" tests="3" assertions="3" errors="0" failures="0" skipped="0" time="0.060914">
        <testcase name="test_index" file="C:\xampp\htdocs\klephone\application\tests\controllers\Welcome_test.php" line="13" class="Welcome_test" classname="Welcome_test" assertions="1" time="0.035500"/>
        <testcase name="test_method_404" file="C:\xampp\htdocs\klephone\application\tests\controllers\Welcome_test.php" line="19" class="Welcome_test" classname="Welcome_test" assertions="1" time="0.023752"/>
        <testcase name="test_APPPATH" file="C:\xampp\htdocs\klephone\application\tests\controllers\Welcome_test.php" line="25" class="Welcome_test" classname="Welcome_test" assertions="1" time="0.001662"/>
      </testsuite>
    </testsuite>
  </testsuite>
</testsuites>
